.gitignore
.mvn/wrapper/maven-wrapper.jar
.mvn/wrapper/maven-wrapper.properties
front-end/knowledge-islands/.gitignore
front-end/knowledge-islands/README.md
front-end/knowledge-islands/package-lock.json
front-end/knowledge-islands/package.json
front-end/knowledge-islands/public/favicon.ico
front-end/knowledge-islands/public/index.html
front-end/knowledge-islands/public/logo192.png
front-end/knowledge-islands/public/logo512.png
front-end/knowledge-islands/public/manifest.json
front-end/knowledge-islands/public/robots.txt
front-end/knowledge-islands/src/App.js
front-end/knowledge-islands/src/App.test.js
front-end/knowledge-islands/src/assets/images/logo.png
front-end/knowledge-islands/src/components/CreateTruckFactorProcess.js
front-end/knowledge-islands/src/components/TruckFactorProcess.js
front-end/knowledge-islands/src/components/shared/AuthContext.js
front-end/knowledge-islands/src/components/shared/Layout.js
front-end/knowledge-islands/src/components/shared/ProtectedRoute.js
front-end/knowledge-islands/src/index.js
front-end/knowledge-islands/src/logo.svg
front-end/knowledge-islands/src/pages/Home.js
front-end/knowledge-islands/src/pages/Login.js
front-end/knowledge-islands/src/reportWebVitals.js
front-end/knowledge-islands/src/setupProxy.js
front-end/knowledge-islands/src/setupTests.js
mvnw
mvnw.cmd
pom.xml
src/main/java/br/com/gitanalyzer/GitAnalyzerApplication.java
src/main/java/br/com/gitanalyzer/combinatory/CombinatoryProblem.java
src/main/java/br/com/gitanalyzer/combinatory/GeneticAlgorithm.java
src/main/java/br/com/gitanalyzer/combinatory/HillClimbing.java
src/main/java/br/com/gitanalyzer/config/AuthTokenFilter.java
src/main/java/br/com/gitanalyzer/config/WebSecutiryConfig.java
src/main/java/br/com/gitanalyzer/controllers/DownloaderController.java
src/main/java/br/com/gitanalyzer/controllers/HistoryCommits.java
src/main/java/br/com/gitanalyzer/controllers/LoginController.java
src/main/java/br/com/gitanalyzer/controllers/ProjectController.java
src/main/java/br/com/gitanalyzer/controllers/TruckFactorController.java
src/main/java/br/com/gitanalyzer/controllers/TruckFactorProcessController.java
src/main/java/br/com/gitanalyzer/dto/ContributorDTO.java
src/main/java/br/com/gitanalyzer/dto/GenerateFolderProjectLogDTO.java
src/main/java/br/com/gitanalyzer/dto/LoginRequestDTO.java
src/main/java/br/com/gitanalyzer/dto/MessageResponseDTO.java
src/main/java/br/com/gitanalyzer/dto/ProjectDTO.java
src/main/java/br/com/gitanalyzer/dto/ProjectVersionDTO.java
src/main/java/br/com/gitanalyzer/dto/SignupRequestDTO.java
src/main/java/br/com/gitanalyzer/dto/TruckFactorAnalysisDTO.java
src/main/java/br/com/gitanalyzer/dto/TruckFactorDTO.java
src/main/java/br/com/gitanalyzer/dto/TruckFactorDevelopersDTO.java
src/main/java/br/com/gitanalyzer/dto/UserInfoResponseDTO.java
src/main/java/br/com/gitanalyzer/enums/FilteredEnum.java
src/main/java/br/com/gitanalyzer/enums/KnowledgeMetric.java
src/main/java/br/com/gitanalyzer/enums/OperationType.java
src/main/java/br/com/gitanalyzer/enums/StageEnum.java
src/main/java/br/com/gitanalyzer/exception/UserAlreadyExistException.java
src/main/java/br/com/gitanalyzer/extractors/CommitExtractor.java
src/main/java/br/com/gitanalyzer/extractors/FileExtractor.java
src/main/java/br/com/gitanalyzer/extractors/HistoryCommitsExtractor.java
src/main/java/br/com/gitanalyzer/extractors/ProjectVersionExtractor.java
src/main/java/br/com/gitanalyzer/main/GeneralAnalyses.java
src/main/java/br/com/gitanalyzer/main/dto/CloneRepoForm.java
src/main/java/br/com/gitanalyzer/main/dto/DownloaderForm.java
src/main/java/br/com/gitanalyzer/main/dto/HashNumberYears.java
src/main/java/br/com/gitanalyzer/main/dto/HistoryReposTruckFactorDTO.java
src/main/java/br/com/gitanalyzer/main/dto/RepositoryKnowledgeMetricDTO.java
src/main/java/br/com/gitanalyzer/main/vo/CommitFiles.java
src/main/java/br/com/gitanalyzer/main/vo/MlOutput.java
src/main/java/br/com/gitanalyzer/main/vo/TruckFactorDevelopersVO.java
src/main/java/br/com/gitanalyzer/main/vo/TruckFactorVO.java
src/main/java/br/com/gitanalyzer/model/AuthorFile.java
src/main/java/br/com/gitanalyzer/model/Commit.java
src/main/java/br/com/gitanalyzer/model/CommitFile.java
src/main/java/br/com/gitanalyzer/model/File.java
src/main/java/br/com/gitanalyzer/model/MetricsDoa.java
src/main/java/br/com/gitanalyzer/model/MetricsDoe.java
src/main/java/br/com/gitanalyzer/model/ProjectInfo.java
src/main/java/br/com/gitanalyzer/model/Solution.java
src/main/java/br/com/gitanalyzer/model/UserDetailsImpl.java
src/main/java/br/com/gitanalyzer/model/entity/Contributor.java
src/main/java/br/com/gitanalyzer/model/entity/Developer.java
src/main/java/br/com/gitanalyzer/model/entity/Project.java
src/main/java/br/com/gitanalyzer/model/entity/ProjectVersion.java
src/main/java/br/com/gitanalyzer/model/entity/Role.java
src/main/java/br/com/gitanalyzer/model/entity/TruckFactor.java
src/main/java/br/com/gitanalyzer/model/entity/TruckFactorDevelopers.java
src/main/java/br/com/gitanalyzer/model/entity/TruckFactorProcess.java
src/main/java/br/com/gitanalyzer/model/entity/User.java
src/main/java/br/com/gitanalyzer/model/enums/RoleEnum.java
src/main/java/br/com/gitanalyzer/repository/ProjectRepository.java
src/main/java/br/com/gitanalyzer/repository/ProjectVersionRepository.java
src/main/java/br/com/gitanalyzer/repository/RoleRepository.java
src/main/java/br/com/gitanalyzer/repository/TruckFactorDevelopersRepository.java
src/main/java/br/com/gitanalyzer/repository/TruckFactorProcessRepository.java
src/main/java/br/com/gitanalyzer/repository/TruckFactorRepository.java
src/main/java/br/com/gitanalyzer/repository/UserRepository.java
src/main/java/br/com/gitanalyzer/service/CommitService.java
src/main/java/br/com/gitanalyzer/service/DownloaderService.java
src/main/java/br/com/gitanalyzer/service/FilterProjectService.java
src/main/java/br/com/gitanalyzer/service/HistoryCommitsService.java
src/main/java/br/com/gitanalyzer/service/ProjectService.java
src/main/java/br/com/gitanalyzer/service/RoleSeeder.java
src/main/java/br/com/gitanalyzer/service/TruckFactorProcessService.java
src/main/java/br/com/gitanalyzer/service/TruckFactorService.java
src/main/java/br/com/gitanalyzer/service/UserDetailsServiceImpl.java
src/main/java/br/com/gitanalyzer/utils/Constants.java
src/main/java/br/com/gitanalyzer/utils/ContributorUtils.java
src/main/java/br/com/gitanalyzer/utils/DoaUtils.java
src/main/java/br/com/gitanalyzer/utils/DoeUtils.java
src/main/java/br/com/gitanalyzer/utils/FileUtils.java
src/main/java/br/com/gitanalyzer/utils/JwtUtils.java
src/main/java/br/com/gitanalyzer/utils/ProjectUtils.java
src/main/resources/application.properties
src/main/resources/checkout_script.sh
src/main/resources/cloc_script.sh
src/main/resources/commit_log_script.sh
src/main/resources/linguist.rb
src/main/resources/linguist_script.sh
src/main/resources/log.awk
src/test/java/br/com/gitanalyzer/GitAnalyzerApplicationTests.java
