commit	c25d20723255f4888760bb6eab2ae0fc3da2c600
M	front-end/knowledge-islands/package-lock.json
M	front-end/knowledge-islands/package.json
D	front-end/knowledge-islands/src/App.css
M	front-end/knowledge-islands/src/App.js
A	front-end/knowledge-islands/src/assets/images/logo.png
A	front-end/knowledge-islands/src/components/CreateTruckFactorProcess.js
A	front-end/knowledge-islands/src/components/TruckFactorProcess.js
A	front-end/knowledge-islands/src/components/shared/AuthContext.js
M	front-end/knowledge-islands/src/components/shared/Layout.js
A	front-end/knowledge-islands/src/components/shared/ProtectedRoute.js
D	front-end/knowledge-islands/src/index.css
M	front-end/knowledge-islands/src/index.js
M	front-end/knowledge-islands/src/pages/Home.js
M	front-end/knowledge-islands/src/pages/Login.js
A	front-end/knowledge-islands/src/setupProxy.js
M	src/main/java/br/com/gitanalyzer/config/WebSecutiryConfig.java
M	src/main/java/br/com/gitanalyzer/controllers/DownloaderController.java
M	src/main/java/br/com/gitanalyzer/controllers/HistoryCommits.java
M	src/main/java/br/com/gitanalyzer/controllers/LoginController.java
M	src/main/java/br/com/gitanalyzer/controllers/ProjectController.java
M	src/main/java/br/com/gitanalyzer/controllers/TruckFactorController.java
M	src/main/java/br/com/gitanalyzer/controllers/TruckFactorProcessController.java
M	src/main/java/br/com/gitanalyzer/extractors/CommitExtractor.java
M	src/main/java/br/com/gitanalyzer/main/dto/CloneRepoForm.java
M	src/main/java/br/com/gitanalyzer/service/CommitService.java
M	src/main/java/br/com/gitanalyzer/service/DownloaderService.java
M	src/main/java/br/com/gitanalyzer/service/FilterProjectService.java

commit	ee8871313979ee04006bf095d28bd00474e26acc
M	front-end/knowledge-islands/package-lock.json
M	front-end/knowledge-islands/package.json
M	front-end/knowledge-islands/src/App.js
A	front-end/knowledge-islands/src/components/shared/Layout.js
M	front-end/knowledge-islands/src/index.js
A	front-end/knowledge-islands/src/pages/Home.js
A	front-end/knowledge-islands/src/pages/Login.js
M	src/main/java/br/com/gitanalyzer/controllers/TruckFactorController.java
M	src/main/java/br/com/gitanalyzer/dto/ContributorDTO.java
M	src/main/java/br/com/gitanalyzer/dto/ProjectDTO.java
M	src/main/java/br/com/gitanalyzer/dto/ProjectVersionDTO.java
M	src/main/java/br/com/gitanalyzer/dto/TruckFactorDTO.java
A	src/main/java/br/com/gitanalyzer/dto/TruckFactorDevelopersDTO.java
M	src/main/java/br/com/gitanalyzer/model/entity/Contributor.java
M	src/main/java/br/com/gitanalyzer/model/entity/Project.java
M	src/main/java/br/com/gitanalyzer/model/entity/ProjectVersion.java
M	src/main/java/br/com/gitanalyzer/model/entity/TruckFactor.java
M	src/main/java/br/com/gitanalyzer/model/entity/TruckFactorDevelopers.java
M	src/main/java/br/com/gitanalyzer/service/ProjectService.java
M	src/main/java/br/com/gitanalyzer/service/TruckFactorService.java
D	tmp_projects/git-analyzer

commit	2a3a8a125eeba8e9f3e6c2820a2546da9339b7ff
A	front-end/knowledge-islands/.gitignore
A	front-end/knowledge-islands/README.md
A	front-end/knowledge-islands/package-lock.json
A	front-end/knowledge-islands/package.json
A	front-end/knowledge-islands/public/favicon.ico
A	front-end/knowledge-islands/public/index.html
A	front-end/knowledge-islands/public/logo192.png
A	front-end/knowledge-islands/public/logo512.png
A	front-end/knowledge-islands/public/manifest.json
A	front-end/knowledge-islands/public/robots.txt
A	front-end/knowledge-islands/src/App.css
A	front-end/knowledge-islands/src/App.js
A	front-end/knowledge-islands/src/App.test.js
A	front-end/knowledge-islands/src/index.css
A	front-end/knowledge-islands/src/index.js
A	front-end/knowledge-islands/src/logo.svg
A	front-end/knowledge-islands/src/reportWebVitals.js
A	front-end/knowledge-islands/src/setupTests.js
M	pom.xml
M	src/main/java/br/com/gitanalyzer/GitAnalyzerApplication.java
M	src/main/java/br/com/gitanalyzer/combinatory/CombinatoryProblem.java
A	src/main/java/br/com/gitanalyzer/config/AuthTokenFilter.java
A	src/main/java/br/com/gitanalyzer/config/WebSecutiryConfig.java
A	src/main/java/br/com/gitanalyzer/controllers/LoginController.java
M	src/main/java/br/com/gitanalyzer/controllers/ProjectController.java
M	src/main/java/br/com/gitanalyzer/controllers/TruckFactorController.java
A	src/main/java/br/com/gitanalyzer/controllers/TruckFactorProcessController.java
A	src/main/java/br/com/gitanalyzer/dto/GenerateFolderProjectLogDTO.java
A	src/main/java/br/com/gitanalyzer/dto/LoginRequestDTO.java
A	src/main/java/br/com/gitanalyzer/dto/MessageResponseDTO.java
A	src/main/java/br/com/gitanalyzer/dto/SignupRequestDTO.java
A	src/main/java/br/com/gitanalyzer/dto/UserInfoResponseDTO.java
A	src/main/java/br/com/gitanalyzer/enums/StageEnum.java
A	src/main/java/br/com/gitanalyzer/exception/UserAlreadyExistException.java
M	src/main/java/br/com/gitanalyzer/extractors/CommitExtractor.java
M	src/main/java/br/com/gitanalyzer/extractors/ProjectVersionExtractor.java
M	src/main/java/br/com/gitanalyzer/main/GeneralAnalyses.java
M	src/main/java/br/com/gitanalyzer/main/dto/CloneRepoForm.java
M	src/main/java/br/com/gitanalyzer/model/AuthorFile.java
M	src/main/java/br/com/gitanalyzer/model/Commit.java
M	src/main/java/br/com/gitanalyzer/model/File.java
A	src/main/java/br/com/gitanalyzer/model/UserDetailsImpl.java
R093	src/main/java/br/com/gitanalyzer/model/Contributor.java	src/main/java/br/com/gitanalyzer/model/entity/Contributor.java
R095	src/main/java/br/com/gitanalyzer/model/Developer.java	src/main/java/br/com/gitanalyzer/model/entity/Developer.java
R090	src/main/java/br/com/gitanalyzer/model/Project.java	src/main/java/br/com/gitanalyzer/model/entity/Project.java
R095	src/main/java/br/com/gitanalyzer/model/ProjectVersion.java	src/main/java/br/com/gitanalyzer/model/entity/ProjectVersion.java
A	src/main/java/br/com/gitanalyzer/model/entity/Role.java
R097	src/main/java/br/com/gitanalyzer/model/TruckFactor.java	src/main/java/br/com/gitanalyzer/model/entity/TruckFactor.java
R095	src/main/java/br/com/gitanalyzer/model/TruckFactorDevelopers.java	src/main/java/br/com/gitanalyzer/model/entity/TruckFactorDevelopers.java
A	src/main/java/br/com/gitanalyzer/model/entity/TruckFactorProcess.java
A	src/main/java/br/com/gitanalyzer/model/entity/User.java
A	src/main/java/br/com/gitanalyzer/model/enums/RoleEnum.java
M	src/main/java/br/com/gitanalyzer/repository/ProjectRepository.java
M	src/main/java/br/com/gitanalyzer/repository/ProjectVersionRepository.java
A	src/main/java/br/com/gitanalyzer/repository/RoleRepository.java
M	src/main/java/br/com/gitanalyzer/repository/TruckFactorDevelopersRepository.java
A	src/main/java/br/com/gitanalyzer/repository/TruckFactorProcessRepository.java
M	src/main/java/br/com/gitanalyzer/repository/TruckFactorRepository.java
A	src/main/java/br/com/gitanalyzer/repository/UserRepository.java
M	src/main/java/br/com/gitanalyzer/service/DownloaderService.java
M	src/main/java/br/com/gitanalyzer/service/FilterProjectService.java
M	src/main/java/br/com/gitanalyzer/service/HistoryCommitsService.java
M	src/main/java/br/com/gitanalyzer/service/ProjectService.java
A	src/main/java/br/com/gitanalyzer/service/RoleSeeder.java
A	src/main/java/br/com/gitanalyzer/service/TruckFactorProcessService.java
M	src/main/java/br/com/gitanalyzer/service/TruckFactorService.java
A	src/main/java/br/com/gitanalyzer/service/UserDetailsServiceImpl.java
M	src/main/java/br/com/gitanalyzer/utils/ContributorUtils.java
A	src/main/java/br/com/gitanalyzer/utils/JwtUtils.java
M	src/main/resources/application.properties
A	tmp_projects/git-analyzer

commit	2527e26f2569689d8348676f8f360b7da2701535
M	src/main/java/br/com/gitanalyzer/combinatory/CombinatoryProblem.java
M	src/main/java/br/com/gitanalyzer/combinatory/HillClimbing.java
M	src/main/java/br/com/gitanalyzer/controllers/DownloaderController.java
M	src/main/java/br/com/gitanalyzer/controllers/TruckFactorController.java
A	src/main/java/br/com/gitanalyzer/dto/ContributorDTO.java
A	src/main/java/br/com/gitanalyzer/dto/ProjectDTO.java
A	src/main/java/br/com/gitanalyzer/dto/ProjectVersionDTO.java
A	src/main/java/br/com/gitanalyzer/dto/TruckFactorAnalysisDTO.java
A	src/main/java/br/com/gitanalyzer/dto/TruckFactorDTO.java
M	src/main/java/br/com/gitanalyzer/extractors/CommitExtractor.java
M	src/main/java/br/com/gitanalyzer/extractors/ProjectVersionExtractor.java
M	src/main/java/br/com/gitanalyzer/model/Contributor.java
M	src/main/java/br/com/gitanalyzer/model/Project.java
M	src/main/java/br/com/gitanalyzer/model/ProjectVersion.java
M	src/main/java/br/com/gitanalyzer/model/TruckFactor.java
M	src/main/java/br/com/gitanalyzer/service/DownloaderService.java
M	src/main/java/br/com/gitanalyzer/service/FilterProjectService.java
M	src/main/java/br/com/gitanalyzer/service/ProjectService.java
R088	src/main/java/br/com/gitanalyzer/main/TruckFactorAnalyzer.java	src/main/java/br/com/gitanalyzer/service/TruckFactorService.java
A	src/main/java/br/com/gitanalyzer/utils/ContributorUtils.java

commit	8cd97b83499366de02226f1c46fe31db6e67f65a
M	src/main/java/br/com/gitanalyzer/controllers/DownloaderController.java
M	src/main/java/br/com/gitanalyzer/controllers/ProjectController.java
M	src/main/java/br/com/gitanalyzer/controllers/TruckFactorController.java
M	src/main/java/br/com/gitanalyzer/extractors/CommitExtractor.java
M	src/main/java/br/com/gitanalyzer/extractors/FileExtractor.java
M	src/main/java/br/com/gitanalyzer/extractors/HistoryCommitsExtractor.java
M	src/main/java/br/com/gitanalyzer/extractors/ProjectVersionExtractor.java
M	src/main/java/br/com/gitanalyzer/main/TruckFactorAnalyzer.java
A	src/main/java/br/com/gitanalyzer/main/dto/CloneRepoForm.java
A	src/main/java/br/com/gitanalyzer/main/dto/HistoryReposTruckFactorDTO.java
M	src/main/java/br/com/gitanalyzer/main/dto/RepositoryKnowledgeMetricDTO.java
M	src/main/java/br/com/gitanalyzer/model/Project.java
M	src/main/java/br/com/gitanalyzer/model/ProjectInfo.java
M	src/main/java/br/com/gitanalyzer/model/ProjectVersion.java
M	src/main/java/br/com/gitanalyzer/service/CommitService.java
M	src/main/java/br/com/gitanalyzer/service/DownloaderService.java
M	src/main/java/br/com/gitanalyzer/service/FilterProjectService.java
M	src/main/java/br/com/gitanalyzer/service/ProjectService.java
M	src/main/resources/application.properties
A	src/main/resources/checkout_script.sh
M	src/main/resources/linguist.rb

commit	53063187e3d7b86045c79cee50b1b7d1dbf14808
M	src/main/java/br/com/gitanalyzer/GitAnalyzerApplication.java
M	src/main/java/br/com/gitanalyzer/controllers/HistoryCommits.java
M	src/main/java/br/com/gitanalyzer/controllers/ProjectController.java
M	src/main/java/br/com/gitanalyzer/enums/FilteredEnum.java
M	src/main/java/br/com/gitanalyzer/extractors/CommitExtractor.java
M	src/main/java/br/com/gitanalyzer/extractors/HistoryCommitsExtractor.java
M	src/main/java/br/com/gitanalyzer/extractors/ProjectVersionExtractor.java
M	src/main/java/br/com/gitanalyzer/main/GeneralAnalyses.java
M	src/main/java/br/com/gitanalyzer/main/TruckFactorAnalyzer.java
M	src/main/java/br/com/gitanalyzer/model/Project.java
A	src/main/java/br/com/gitanalyzer/service/CommitService.java
M	src/main/java/br/com/gitanalyzer/service/DownloaderService.java
M	src/main/java/br/com/gitanalyzer/service/FilterProjectService.java
M	src/main/java/br/com/gitanalyzer/service/HistoryCommitsService.java
M	src/main/java/br/com/gitanalyzer/utils/Constants.java
M	src/main/resources/application.properties
A	src/main/resources/cloc_script.sh
A	src/main/resources/commit_log_script.sh
A	src/main/resources/linguist.rb
A	src/main/resources/linguist_script.sh
A	src/main/resources/log.awk

commit	035dc6f7db88f9650ce1781e901910e745ca37ef
M	src/main/java/br/com/gitanalyzer/controllers/HistoryCommits.java
M	src/main/java/br/com/gitanalyzer/controllers/ProjectController.java
A	src/main/java/br/com/gitanalyzer/enums/FilteredEnum.java
M	src/main/java/br/com/gitanalyzer/extractors/CommitExtractor.java
M	src/main/java/br/com/gitanalyzer/extractors/HistoryCommitsExtractor.java
M	src/main/java/br/com/gitanalyzer/main/TruckFactorAnalyzer.java
M	src/main/java/br/com/gitanalyzer/model/Project.java
M	src/main/java/br/com/gitanalyzer/model/ProjectVersion.java
M	src/main/java/br/com/gitanalyzer/repository/ProjectVersionRepository.java
M	src/main/java/br/com/gitanalyzer/service/DownloaderService.java
M	src/main/java/br/com/gitanalyzer/service/FilterProjectService.java
M	src/main/java/br/com/gitanalyzer/service/HistoryCommitsService.java
M	src/main/java/br/com/gitanalyzer/service/ProjectService.java

commit	eddeee11e54fcd6e02b1b2294e7e923c88b41650
M	src/main/java/br/com/gitanalyzer/extractors/ProjectVersionExtractor.java
M	src/main/java/br/com/gitanalyzer/service/FilterProjectService.java

commit	6db2571c067881999723763f47e150887ddc7c67
M	src/main/java/br/com/gitanalyzer/extractors/ProjectVersionExtractor.java
M	src/main/java/br/com/gitanalyzer/main/TruckFactorAnalyzer.java
A	src/main/java/br/com/gitanalyzer/model/Developer.java
M	src/main/java/br/com/gitanalyzer/service/DownloaderService.java
M	src/main/resources/application.properties
D	src/main/resources/filteredProjects.txt

commit	b1303cdf886cd2ec4c051b42f29b3d1f5187cf1b
M	src/main/java/br/com/gitanalyzer/main/TruckFactorAnalyzer.java

commit	652f2c8fdbf486ae5a9deae96241ae98b3fdd5ca
M	src/main/java/br/com/gitanalyzer/controllers/ProjectController.java

commit	80e3a0e9dc91f5fa4685e88bad82b3f37e2d95a5
M	src/main/java/br/com/gitanalyzer/controllers/ProjectController.java
M	src/main/java/br/com/gitanalyzer/controllers/TruckFactorController.java
R094	src/main/java/br/com/gitanalyzer/main/filter/FilterProjects.java	src/main/java/br/com/gitanalyzer/service/FilterProjectService.java

commit	bb522784b0025f7eedf8219d48fb10da70817d51
M	pom.xml
M	src/main/java/br/com/gitanalyzer/extractors/ProjectVersionExtractor.java
M	src/main/java/br/com/gitanalyzer/main/filter/FilterProjects.java
M	src/main/java/br/com/gitanalyzer/model/Project.java
M	src/main/java/br/com/gitanalyzer/model/ProjectVersion.java

commit	15929018d84c4825571a8f94663d0691520b2e4b
A	src/main/java/br/com/gitanalyzer/controllers/DownloaderController.java
M	src/main/java/br/com/gitanalyzer/extractors/CommitExtractor.java
M	src/main/java/br/com/gitanalyzer/extractors/FileExtractor.java
A	src/main/java/br/com/gitanalyzer/extractors/ProjectVersionExtractor.java
M	src/main/java/br/com/gitanalyzer/main/TruckFactorAnalyzer.java
A	src/main/java/br/com/gitanalyzer/main/dto/DownloaderForm.java
A	src/main/java/br/com/gitanalyzer/main/filter/FilterProjects.java
M	src/main/java/br/com/gitanalyzer/model/Commit.java
M	src/main/java/br/com/gitanalyzer/model/Project.java
A	src/main/java/br/com/gitanalyzer/model/ProjectVersion.java
M	src/main/java/br/com/gitanalyzer/model/TruckFactor.java
A	src/main/java/br/com/gitanalyzer/repository/ProjectVersionRepository.java
M	src/main/java/br/com/gitanalyzer/repository/TruckFactorRepository.java
R063	src/main/java/br/com/gitanalyzer/main/downloader/GitDownloader.java	src/main/java/br/com/gitanalyzer/service/DownloaderService.java
A	src/main/resources/filteredProjects.txt

commit	78a40e8786d0a1f0c36c9078b3c6ab8de4ece0b1
M	pom.xml
A	src/main/java/br/com/gitanalyzer/combinatory/CombinatoryProblem.java
M	src/main/java/br/com/gitanalyzer/combinatory/GeneticAlgorithm.java
M	src/main/java/br/com/gitanalyzer/combinatory/HillClimbing.java
A	src/main/java/br/com/gitanalyzer/controllers/HistoryCommits.java
M	src/main/java/br/com/gitanalyzer/controllers/TruckFactorController.java
A	src/main/java/br/com/gitanalyzer/extractors/HistoryCommitsExtractor.java
D	src/main/java/br/com/gitanalyzer/main/ExtractHashesCommits.java
M	src/main/java/br/com/gitanalyzer/main/TruckFactorAnalyzer.java
A	src/main/java/br/com/gitanalyzer/main/downloader/GitDownloader.java
A	src/main/java/br/com/gitanalyzer/main/dto/HashNumberYears.java
R075	src/main/java/br/com/gitanalyzer/main/dto/PathKnowledgeMetricDTO.java	src/main/java/br/com/gitanalyzer/main/dto/RepositoryKnowledgeMetricDTO.java
A	src/main/java/br/com/gitanalyzer/model/ProjectInfo.java
A	src/main/java/br/com/gitanalyzer/service/HistoryCommitsService.java

commit	444f815b30731d3e0e42751569092fde702f0292
M	pom.xml
A	src/main/java/br/com/gitanalyzer/combinatory/GeneticAlgorithm.java
A	src/main/java/br/com/gitanalyzer/combinatory/HillClimbing.java
M	src/main/java/br/com/gitanalyzer/extractors/CommitExtractor.java
M	src/main/java/br/com/gitanalyzer/extractors/FileExtractor.java
M	src/main/java/br/com/gitanalyzer/main/GeneralAnalyses.java
M	src/main/java/br/com/gitanalyzer/main/TruckFactorAnalyzer.java
M	src/main/java/br/com/gitanalyzer/model/Contributor.java
M	src/main/java/br/com/gitanalyzer/model/File.java
A	src/main/java/br/com/gitanalyzer/model/Solution.java
M	src/main/resources/application.properties

commit	630f014b74b5c1edde3f467d1abaa4e6508495b8
M	src/main/java/br/com/gitanalyzer/main/TruckFactorAnalyzer.java
R075	src/main/java/br/com/gitanalyzer/extractors/ProjectExtractor.java	src/main/java/br/com/gitanalyzer/utils/ProjectUtils.java

commit	b2fc3ee4710d2f51d236d082911c0df601083b8d
A	src/main/java/br/com/gitanalyzer/controllers/ProjectController.java
M	src/main/java/br/com/gitanalyzer/extractors/CommitExtractor.java
M	src/main/java/br/com/gitanalyzer/extractors/FileExtractor.java
M	src/main/java/br/com/gitanalyzer/main/GeneralAnalyses.java
M	src/main/java/br/com/gitanalyzer/main/TruckFactorAnalyzer.java
M	src/main/java/br/com/gitanalyzer/model/Project.java
A	src/main/java/br/com/gitanalyzer/service/ProjectService.java
M	src/main/java/br/com/gitanalyzer/utils/Constants.java

commit	8dd415f5c74e8847b655ab12a7b789b28aeb7339
M	pom.xml
D	src/main/java/br/com/gitanalyzer/controllers/TruckFactorHistoryController.java
M	src/main/java/br/com/gitanalyzer/enums/KnowledgeMetric.java
M	src/main/java/br/com/gitanalyzer/extractors/FileExtractor.java
A	src/main/java/br/com/gitanalyzer/main/ExtractHashesCommits.java
M	src/main/java/br/com/gitanalyzer/main/TruckFactorAnalyzer.java
D	src/main/java/br/com/gitanalyzer/main/TruckFactorHistoryAnalyzer.java
A	src/main/java/br/com/gitanalyzer/main/vo/MlOutput.java
M	src/main/java/br/com/gitanalyzer/model/AuthorFile.java
A	src/main/java/br/com/gitanalyzer/model/MetricsDoa.java
A	src/main/java/br/com/gitanalyzer/model/MetricsDoe.java
M	src/main/java/br/com/gitanalyzer/model/Project.java
M	src/main/java/br/com/gitanalyzer/repository/ProjectRepository.java
M	src/main/java/br/com/gitanalyzer/utils/Constants.java
M	src/main/resources/application.properties

commit	02f133494309ffb0a0a8b66673e9e96f5c4a5c78
M	src/main/java/br/com/gitanalyzer/controllers/TruckFactorController.java
A	src/main/java/br/com/gitanalyzer/controllers/TruckFactorHistoryController.java
M	src/main/java/br/com/gitanalyzer/extractors/CommitExtractor.java
M	src/main/java/br/com/gitanalyzer/main/TruckFactorAnalyzer.java
M	src/main/java/br/com/gitanalyzer/main/TruckFactorHistoryAnalyzer.java
A	src/main/java/br/com/gitanalyzer/main/dto/PathKnowledgeMetricDTO.java
A	src/main/java/br/com/gitanalyzer/main/vo/CommitFiles.java
M	src/main/java/br/com/gitanalyzer/model/Commit.java
M	src/main/java/br/com/gitanalyzer/model/File.java
M	src/main/java/br/com/gitanalyzer/model/Project.java
M	src/main/java/br/com/gitanalyzer/repository/ProjectRepository.java
M	src/main/java/br/com/gitanalyzer/utils/Constants.java

commit	d23c25a3d6d9127f0c0728efe4068fe8bde36930
M	src/main/java/br/com/gitanalyzer/main/TruckFactorAnalyzer.java

commit	322724ba3d234810dc394a778df0c34959ed737a
M	src/main/java/br/com/gitanalyzer/main/TruckFactorAnalyzer.java
M	src/main/java/br/com/gitanalyzer/model/TruckFactorDevelopers.java

commit	161d35eec7d3657da1d0f04ba0a42d7d87b3424d
M	src/main/java/br/com/gitanalyzer/main/GeneralAnalyses.java
R094	src/main/java/br/com/gitanalyzer/main/TruckFactorDevelopersVO.java	src/main/java/br/com/gitanalyzer/main/vo/TruckFactorDevelopersVO.java
R097	src/main/java/br/com/gitanalyzer/main/TruckFactorVO.java	src/main/java/br/com/gitanalyzer/main/vo/TruckFactorVO.java
M	src/main/java/br/com/gitanalyzer/utils/Constants.java

commit	05c2ba2d8bc744080124b10378e6af6474258cbe
M	src/main/java/br/com/gitanalyzer/main/TruckFactorAnalyzer.java

commit	a658d6c33fb53aedcd661917f0fabb85875ce3d9
M	src/main/java/br/com/gitanalyzer/extractors/FileExtractor.java
M	src/main/java/br/com/gitanalyzer/main/TruckFactorAnalyzer.java
M	src/main/java/br/com/gitanalyzer/model/TruckFactor.java

commit	af7602f8375565628b813bd9c930ac7082ae8d17
M	src/main/java/br/com/gitanalyzer/extractors/FileExtractor.java
M	src/main/java/br/com/gitanalyzer/main/GeneralAnalyses.java
M	src/main/java/br/com/gitanalyzer/main/TruckFactorAnalyzer.java
M	src/main/java/br/com/gitanalyzer/utils/Constants.java

commit	3542d7e453760d17e204b384cc0cab3f3c6435b5
M	src/main/java/br/com/gitanalyzer/main/TruckFactorAnalyzer.java

commit	bda48052c1bc571e3bd2562ff58bf34deb41ba9e
M	src/main/java/br/com/gitanalyzer/main/TruckFactorAnalyzer.java
M	src/main/java/br/com/gitanalyzer/model/File.java

commit	bb2dbbaf4c355aac2bb728400d629fbc3a5a613d
M	src/main/java/br/com/gitanalyzer/main/TruckFactorAnalyzer.java
M	src/main/resources/application.properties

commit	0f060761a43bbcfd4d6464a582b0a2b482f524ee
M	src/main/java/br/com/gitanalyzer/extractors/CommitExtractor.java
M	src/main/java/br/com/gitanalyzer/extractors/FileExtractor.java
M	src/main/java/br/com/gitanalyzer/main/TruckFactorAnalyzer.java
M	src/main/java/br/com/gitanalyzer/model/TruckFactor.java
M	src/main/java/br/com/gitanalyzer/model/TruckFactorDevelopers.java
M	src/main/java/br/com/gitanalyzer/repository/TruckFactorRepository.java
M	src/main/resources/application.properties

commit	83a0f299d96980b1c0b16049e6220f37c9880350
M	src/main/java/br/com/gitanalyzer/extractors/CommitExtractor.java
M	src/main/java/br/com/gitanalyzer/extractors/FileExtractor.java

commit	7244c0bf54b7e6d8fc01138f3c8e5e15099a0dbb
M	src/main/java/br/com/gitanalyzer/enums/OperationType.java
M	src/main/java/br/com/gitanalyzer/extractors/CommitExtractor.java
M	src/main/java/br/com/gitanalyzer/extractors/FileExtractor.java
M	src/main/java/br/com/gitanalyzer/main/TruckFactorAnalyzer.java
M	src/main/java/br/com/gitanalyzer/model/Commit.java
M	src/main/java/br/com/gitanalyzer/model/CommitFile.java
M	src/main/java/br/com/gitanalyzer/model/Contributor.java
M	src/main/java/br/com/gitanalyzer/model/File.java
M	src/main/java/br/com/gitanalyzer/utils/Constants.java

commit	810712f261bc357bd8cd21d6d24a68c62ee125e9
M	src/main/java/br/com/gitanalyzer/extractors/FileExtractor.java
M	src/main/java/br/com/gitanalyzer/main/TruckFactorAnalyzer.java
M	src/main/java/br/com/gitanalyzer/utils/Constants.java
M	src/main/java/br/com/gitanalyzer/utils/FileUtils.java

commit	cb0732342b02aa5c4157bebb91648302ceb8177a
M	pom.xml
A	src/main/java/br/com/gitanalyzer/controllers/TruckFactorController.java
M	src/main/java/br/com/gitanalyzer/main/TruckFactorAnalyzer.java
M	src/main/java/br/com/gitanalyzer/model/TruckFactor.java
M	src/main/java/br/com/gitanalyzer/model/TruckFactorDevelopers.java
M	src/main/java/br/com/gitanalyzer/repository/TruckFactorDevelopersRepository.java

commit	65175b8b3b5fe19d6b7c87b73e389eb05e6d247f
A	src/main/java/br/com/gitanalyzer/repository/ProjectRepository.java
A	src/main/java/br/com/gitanalyzer/repository/TruckFactorDevelopersRepository.java
A	src/main/java/br/com/gitanalyzer/repository/TruckFactorRepository.java

commit	a852868aeaf0fb1c18a7b974d111a3be1b5f9af6
M	src/main/java/br/com/gitanalyzer/main/TruckFactorHistoryAnalyzer.java
M	src/main/java/br/com/gitanalyzer/model/AuthorFile.java
M	src/main/java/br/com/gitanalyzer/model/Commit.java
M	src/main/java/br/com/gitanalyzer/model/CommitFile.java
M	src/main/java/br/com/gitanalyzer/model/Contributor.java
M	src/main/java/br/com/gitanalyzer/model/File.java
M	src/main/java/br/com/gitanalyzer/model/Project.java
A	src/main/java/br/com/gitanalyzer/model/TruckFactor.java
A	src/main/java/br/com/gitanalyzer/model/TruckFactorDevelopers.java
M	src/main/resources/application.properties

commit	885d398db6cd52321a0d60cab7d006ab91727b56
A	.gitignore
A	.mvn/wrapper/maven-wrapper.jar
A	.mvn/wrapper/maven-wrapper.properties
A	mvnw
A	mvnw.cmd
A	pom.xml
A	src/main/java/br/com/gitanalyzer/GitAnalyzerApplication.java
A	src/main/java/br/com/gitanalyzer/enums/KnowledgeMetric.java
A	src/main/java/br/com/gitanalyzer/enums/OperationType.java
A	src/main/java/br/com/gitanalyzer/extractors/CommitExtractor.java
A	src/main/java/br/com/gitanalyzer/extractors/FileExtractor.java
A	src/main/java/br/com/gitanalyzer/extractors/ProjectExtractor.java
A	src/main/java/br/com/gitanalyzer/main/GeneralAnalyses.java
A	src/main/java/br/com/gitanalyzer/main/TruckFactorAnalyzer.java
A	src/main/java/br/com/gitanalyzer/main/TruckFactorDevelopersVO.java
A	src/main/java/br/com/gitanalyzer/main/TruckFactorHistoryAnalyzer.java
A	src/main/java/br/com/gitanalyzer/main/TruckFactorVO.java
A	src/main/java/br/com/gitanalyzer/model/AuthorFile.java
A	src/main/java/br/com/gitanalyzer/model/Commit.java
A	src/main/java/br/com/gitanalyzer/model/CommitFile.java
A	src/main/java/br/com/gitanalyzer/model/Contributor.java
A	src/main/java/br/com/gitanalyzer/model/File.java
A	src/main/java/br/com/gitanalyzer/model/Project.java
A	src/main/java/br/com/gitanalyzer/utils/Constants.java
A	src/main/java/br/com/gitanalyzer/utils/DoaUtils.java
A	src/main/java/br/com/gitanalyzer/utils/DoeUtils.java
A	src/main/java/br/com/gitanalyzer/utils/FileUtils.java
A	src/main/resources/application.properties
A	src/test/java/br/com/gitanalyzer/GitAnalyzerApplicationTests.java
